<?xml version="1.0" encoding="UTF-8"?>
<!-- Generated by org.testng.reporters.JUnitReportReporter -->
<testsuite hostname="BLR-4QFSXD3" failures="0" tests="1" name="SumValidation" time="1.099" errors="0" timestamp="2023-04-01T14:24:44 IST" skipped="0">
  <testcase classname="SumValidation" name="sumofCourse" time="1.099"/>
  <system-out/>
</testsuite> <!-- SumValidation -->
